<?xml version="1.0" encoding="UTF-8"?>
<!-- Generated by org.testng.reporters.JUnitReportReporter -->
<testsuite hostname="LAPTOP-04AKG4B2" failures="0" tests="2" name="selenium.Test.LogOutTest" time="38.082" errors="0" timestamp="2024-03-13T15:24:25 IST" skipped="0">
  <testcase classname="selenium.Test.LogOutTest" name="logOut" time="25.422"/>
  <testcase classname="selenium.Test.LogOutTest" name="sameUserEmail" time="12.660"/>
</testsuite> <!-- selenium.Test.LogOutTest -->
