<?xml version="1.0" encoding="UTF-8"?>
<!-- Generated by org.testng.reporters.JUnitReportReporter -->
<testsuite hostname="LAPTOP-04AKG4B2" failures="0" tests="1" name="selenium.Test.automationProject" time="50.327" errors="0" timestamp="2024-03-17T10:57:11 IST" skipped="0">
  <testcase classname="selenium.Test.automationProject" name="SignupPage" time="50.327"/>
</testsuite> <!-- selenium.Test.automationProject -->
