<?xml version="1.0" encoding="UTF-8"?>
<!-- Generated by org.testng.reporters.JUnitReportReporter -->
<testsuite hostname="LAPTOP-04AKG4B2" failures="0" tests="1" name="selenium.Test.TestCaseTest" time="12.282" errors="0" timestamp="2024-03-14T14:33:42 IST" skipped="0">
  <testcase classname="selenium.Test.TestCaseTest" name="TestCase" time="12.282"/>
</testsuite> <!-- selenium.Test.TestCaseTest -->
