<?xml version="1.0" encoding="UTF-8"?>
<!-- Generated by org.testng.reporters.JUnitReportReporter -->
<testsuite hostname="LAPTOP-04AKG4B2" failures="0" tests="1" name="selenium.Test.VerifySidebar" time="31.444" errors="0" timestamp="2024-03-21T12:50:53 IST" skipped="0">
  <testcase classname="selenium.Test.VerifySidebar" name="sidebar" time="31.444"/>
</testsuite> <!-- selenium.Test.VerifySidebar -->
