<?xml version="1.0" encoding="UTF-8"?>
<!-- Generated by org.testng.reporters.JUnitReportReporter -->
<testsuite hostname="LAPTOP-04AKG4B2" failures="0" tests="1" name="selenium.Test.CartPageTest" time="15.783" errors="0" timestamp="2024-03-19T13:08:06 IST" skipped="0">
  <testcase classname="selenium.Test.CartPageTest" name="cart" time="15.783"/>
</testsuite> <!-- selenium.Test.CartPageTest -->
