<?xml version="1.0" encoding="UTF-8"?>
<!-- Generated by org.testng.reporters.JUnitReportReporter -->
<testsuite hostname="LAPTOP-04AKG4B2" failures="0" tests="1" name="selenium.Test.InvalidDataTest" time="14.547" errors="0" timestamp="2024-03-13T13:38:34 IST" skipped="0">
  <testcase classname="selenium.Test.InvalidDataTest" name="inValidLogin" time="14.547"/>
</testsuite> <!-- selenium.Test.InvalidDataTest -->
