<?xml version="1.0" encoding="UTF-8"?>
<!-- Generated by org.testng.reporters.JUnitReportReporter -->
<testsuite hostname="LAPTOP-04AKG4B2" failures="0" tests="1" name="selenium.Test.ReviewTest" time="23.162" errors="0" timestamp="2024-03-21T23:13:44 IST" skipped="0">
  <testcase classname="selenium.Test.ReviewTest" name="review" time="23.162"/>
</testsuite> <!-- selenium.Test.ReviewTest -->
