<?xml version="1.0" encoding="UTF-8"?>
<!-- Generated by org.testng.reporters.JUnitReportReporter -->
<testsuite hostname="LAPTOP-04AKG4B2" failures="0" tests="1" name="selenium.Test.RecommendedItems" time="12.986" errors="0" timestamp="2024-03-21T15:30:43 IST" skipped="0">
  <testcase classname="selenium.Test.RecommendedItems" name="userSubscription" time="12.986"/>
</testsuite> <!-- selenium.Test.RecommendedItems -->
