<?xml version="1.0" encoding="UTF-8"?>
<!-- Generated by org.testng.reporters.JUnitReportReporter -->
<testsuite hostname="LAPTOP-04AKG4B2" failures="0" tests="1" name="selenium.Test.VerifyAddressTest" time="72.786" errors="0" timestamp="2024-03-22T11:28:14 IST" skipped="0">
  <testcase classname="selenium.Test.VerifyAddressTest" name="address" time="72.786"/>
</testsuite> <!-- selenium.Test.VerifyAddressTest -->
