<?xml version="1.0" encoding="UTF-8"?>
<!-- Generated by org.testng.reporters.JUnitReportReporter -->
<testsuite hostname="LAPTOP-04AKG4B2" failures="0" tests="1" name="selenium.Test.SubscriptionTest" time="14.343" errors="0" timestamp="2024-03-17T13:25:25 IST" skipped="0">
  <testcase classname="selenium.Test.SubscriptionTest" name="userSubscription" time="14.343"/>
</testsuite> <!-- selenium.Test.SubscriptionTest -->
