<?xml version="1.0" encoding="UTF-8"?>
<!-- Generated by org.testng.reporters.JUnitReportReporter -->
<testsuite hostname="LAPTOP-04AKG4B2" failures="0" tests="1" name="selenium.Test.VerifyBrands" time="26.571" errors="0" timestamp="2024-03-21T13:23:56 IST" skipped="0">
  <testcase classname="selenium.Test.VerifyBrands" name="brand" time="26.571"/>
</testsuite> <!-- selenium.Test.VerifyBrands -->
