<?xml version="1.0" encoding="UTF-8"?>
<!-- Generated by org.testng.reporters.JUnitReportReporter -->
<testsuite hostname="LAPTOP-04AKG4B2" failures="0" tests="1" name="selenium.Test.SearchProduct" time="33.354" errors="0" timestamp="2024-03-21T22:44:25 IST" skipped="0">
  <testcase classname="selenium.Test.SearchProduct" name="search" time="33.354"/>
</testsuite> <!-- selenium.Test.SearchProduct -->
