<?xml version="1.0" encoding="UTF-8"?>
<!-- Generated by org.testng.reporters.JUnitReportReporter -->
<testsuite hostname="LAPTOP-04AKG4B2" failures="0" tests="1" name="selenium.Test.RemoveProductsTest" time="18.396" errors="0" timestamp="2024-03-20T15:31:56 IST" skipped="0">
  <testcase classname="selenium.Test.RemoveProductsTest" name="remove" time="18.396"/>
</testsuite> <!-- selenium.Test.RemoveProductsTest -->
