<?xml version="1.0" encoding="UTF-8"?>
<!-- Generated by org.testng.reporters.JUnitReportReporter -->
<testsuite hostname="LAPTOP-04AKG4B2" failures="0" tests="1" name="selenium.Test.LogoutAndRegisteredUserTest" time="17.353" errors="0" timestamp="2024-03-16T12:45:58 IST" skipped="0">
  <testcase classname="selenium.Test.LogoutAndRegisteredUserTest" name="submitContactForm" time="17.353"/>
</testsuite> <!-- selenium.Test.LogoutAndRegisteredUserTest -->
