<?xml version="1.0" encoding="UTF-8"?>
<!-- Generated by org.testng.reporters.JUnitReportReporter -->
<testsuite hostname="LAPTOP-04AKG4B2" failures="0" tests="1" name="selenium.Test.RegisterWhileCheckout" time="33.457" errors="0" timestamp="2024-03-19T15:51:52 IST" skipped="0">
  <testcase classname="selenium.Test.RegisterWhileCheckout" name="placeOrder" time="33.457"/>
</testsuite> <!-- selenium.Test.RegisterWhileCheckout -->
