<?xml version="1.0" encoding="UTF-8"?>
<!-- Generated by org.testng.reporters.JUnitReportReporter -->
<testsuite hostname="LAPTOP-04AKG4B2" failures="0" tests="1" name="selenium.Test.LoginBeforeCheckout" time="34.197" errors="0" timestamp="2024-03-20T13:59:42 IST" skipped="0">
  <testcase classname="selenium.Test.LoginBeforeCheckout" name="login" time="34.197"/>
</testsuite> <!-- selenium.Test.LoginBeforeCheckout -->
