<?xml version="1.0" encoding="UTF-8"?>
<!-- Generated by org.testng.reporters.JUnitReportReporter -->
<testsuite hostname="LAPTOP-04AKG4B2" failures="0" tests="1" name="selenium.Test.ValidDataTest" time="14.004" errors="0" timestamp="2024-03-13T13:39:03 IST" skipped="0">
  <testcase classname="selenium.Test.ValidDataTest" name="validLogin" time="14.004"/>
</testsuite> <!-- selenium.Test.ValidDataTest -->
